Stephen White
002323381
Data Structures Section 1
Assignment 1: C++ Review

File being analyzed: DnaStringShortExample.txt
Total Number of characters: 84
Total number of bigrams: 39
Total number of lines: 10
Total length of lines: 84
Total number of A's: 22	C's: 24	G's:19	T's:19
Total number of AA's: 3	AC's: 3	AG's: 2	AT's: 3
Total number of CA's: 3	CC's: 2	CG's: 2	CT's: 7
Total number of GA's: 3	GC's: 3	GG's: 1	GT's: 2
Total number of TA's: 1	TC's: 1	TG's: 2	TT's: 1
Average line length: 8
Line length variance: 5.66667
Standard deviation: 2.38048
Probability of A: 0.261905	C:0.285714	G:0.22619	T:0.22619
Probability of AA: 0.0769231	AC:0.0769231	AG:0.0512821	AT:0.0769231
Probability of CA: 0.0769231	CC:0.0512821	CG:0.0512821	CT:0.179487
Probability of GA: 0.0769231	GC:0.0769231	GG:0.025641	GT:0.0512821
Probability of TA: 0.025641	TC:0.025641	TG:0.0512821	TT:0.025641


accagt
gact
cagatgtc
ccagacgatt
gcaagtcct
gact
atcg
gttcaacg
gtac
ctgac
agctac
tagc
gtac
gcttacga
catg
atcacgctg
ctggaatc
caacgt
cgcat
ttacgcga
tcaagc
agtc
catg
tagtgcac
cagt

agtcac
ctgcagta
cgat
acgt
ttgcaacg
aacggtctac
ccatg
cgtaac
atacgc
cgtac
catggactc
catg
gact
caacgt
cgtatgac
tcacga
agtccagt
gtca
acgt
cgaactgct
cagcta
actacg
tcga
catg
cgat
gctac
actg
gact
tccgaagt
cgacta
gcatca
tgca
cctaga
atacgtcgc
ataccg
tcgacagt
actg
atcg
cgtgcata


gtcctgaa
cagact
gatc
cagtac
acctag
tgca
gattgcac
gcacacgtt
actg
acatgc
caggctat
cgatc
cgtac
ca
cgaact
c
cacgta
cgcaat
tgcaatcgc
attgccag
tacg
agaccgtt
tcag
gcatac
atgtgcca
tcag
ccttaagg
tcagtcga
gagctcat
gtccagat
tagcca
gaccat
ccagcgtaat
cgact
tgacc
actg
tcga
acctg
gatc
ctag
catgatgacc
acagtcgct
gtaccgcat
ccgcatagt
catg
gcacta
aagctc
gatc

tgac
gcgcaatt
catg

atcgc
cagaccttg
tccaga
cattgcag
ctcggata
tacg
tcagtcga
ac
caaagtcgct
cctgtaag
atgcgcact
agtcctga
atcg
ctacag
atgc
cgta
atggctca
tgac
gacgttac
gatcca
agcatc
ctagca
ca
agccctgta
agatcc
tcgctgaa
agtacc
gtaccagct
cacatcggt
atcctagg
c
ggctaact
gatcc
acgt
tgcatagc
gtcac
atggacct
agatccagct
cttacgacag
atccga
ctacagtg
ccgta
gttcaacagc
ctag
tcccatgag
tacg
acacgt
catcag
ctacga
actcga
gccata
tccacgagt
tacg
caacaggttc
atgc
aacgct
agtc
cagatctagc
ctgaca
tcga
cagt
ccatcggta
gtac
cttaacgacg
ggaccttac
ac
cagcta
aggtactc
cactg
gacttcga
gcatactg
aacctg
accgcagtt
gcat
tgaaccgt

gaatcc
acgct
ac
ctgac
agtgacct
accgtgat
tgac
gtac
ctatgcag
taagcc
acgtgtac
gcaacgtt
gacttgca
ca
gcact
atgc
aagcct
agct
tcgaac
caagttgc
atacgc
gtac
tgaacgtc
gatacc
ctgac
cagt
cagt

tcaacg
tcaggatc
actg
gcta
caggttgctaac
ctcaag
cgcctataag
gcat
acttgagc
gacgacttc
gcttaagcc
acctg
acacgactgt
gtacgcta
aagctc
cgacat
ctacg
acgt
aactgc
ac
acagtcgt
cagtc
cgtac
acggtcta
ttgaccga
taagccgtc
cacgt
atcg
atgacgtc
tcagc
gcaccgatat
accagt
cacgttcag
gtca
tacg
aagccgtt
acatggtc
tacagc
gtca
cgcata
tagc
tacgca
agtcac
ggactcta
atgcatcg
cgttgaac
gctaacgt
ctacgtgca
caagtgcatc
acgt
aatgcgcct
agctca
tagc
ctacga
gaatcc
actg
cacagtagcgtt
gctac
tgcacgatca
cagt
tacg
ctacggta
agtc
ctagc
gtac
acgactgt

ctag
atccgagt
catacg
tgatagcc

gaactc
ctag
c
tgac
tctgagac
gactc
cgtaacgt
gccacgatta
atgacc
cactag
cagt
gcattagcc
tgcac
cactag
gctaac
tgacc
atcatcagcg
ctagac
tcgagtca
c
taccga
tgcaca
tcga
ctga
gcat
gatc
cgccagtata
agtcca
tctaaggc
taaccg
acgct
ac
gtca
gatc
cgtatcag
catgcgcaat
ctagtcag
atcgtgca
gtacac
actg
gtca
gaagtctc
gtacc
tcga
actacg
tcga
ctgca
cgta
ctga
agct
ctgac
tggactca
cgat
gacact
gtccaa
ggacactt
ctgca
acgt
ctga
cgacta
cgat
acgt
agcttcacg
gacatc
agctcattggcca
agcact
taacgtcg
tcgca
cgacta
agcact
atagccgt
gccat
agactc
tcggcata
gccaat
ccaagt
gatcc
ctgcaa
tcga
cgtac
tcgctgaaca
ccgatgta
atgacctacg
ccagta
ctag
gacacactgt
tgcca
ctcgtaga
ctag
tctaagcg
tgaacc
atgacc
ttagcgac
ac
tagc
actg
agccat
ttgagcac
gctca
cttcagcga
aattgccgac
aaccgt
gatcc
tacg
aacgtcgt
catcga
actg
ctagac
tcga
tgca
gctaca
gttagacc
tacgacgt
cgctaa
tgac
cgaatgct

atcg
cgtcaa
agcgtactc
actcga
tcgaac
ccatg
agcccgatt
acgtc
atacgcgtca
ccgata
tgagactc

agct
agcgatct
cgat
gtccaa
actcgtag
cactg
cagctcgat
acgttcag
tcagc
aatctgacgc
accatg
cgact
gtca
tccgataacg
ctag
atcg
cacagt
cctgatgac
taccga
acgtagtc
actgca
actg
aacctg
gact
tacg
gtctcacga
atcg
agcct
gcacta
cagtacatgc
ctag
tggtaacc
ca
gcta

cgta
agtgacct
atgcagtc
tcacag
tatccgag
acgt
gatc
ctcgagtaca
aacgtc
tggcctaa
atcg
ctga
cgaatgct
gtctaacg
tgagcatcc
agtcacgact
aatgcgct
gacct
gcta
cgctgtcgacaat
cgta
ctgac
cgtatagc
gact
tccaggta
aagctc
cgta
cagt
agtcac
ctatagcg
gcact
cacttgag
gatc
agct
c
gaactagctc
cctggata
tgaatccg
cgacatgtc
tcag
aggcttcac
gtccagta
gcat
agct
ctag
agacgttc
gtac
ggtcacat
atctaccagg

actg
ccagcgatt
cactga
ctcaga
acagtc
tccagatg
gacctgat
cgttagca
gacct
attccggac

gactcgcta
tgaacc
tcga
tacg
acgcta
acagtc
tccag
ctgac
tgac
actg
cgat
tccgagcata
gtacc
gcatac
tgac
ctga
agtcagtc
gcat
agcact
cagatc
tgca
agctagccat
agctac
gtac
gccata
tccctagga
atctcgga
gctacctga

ccgacttag
gact
gtcac
tagagcccta
tacgc
acagtc
cagtc
tccacgtga
agct
cgat
gcatac
cgatca
cctaag
ctcag
gcat

gatcca
gcact
cgat
cgtca
catcg
agct
ctagc

tacg
c
gtac
tcgca
gctgaact
tgaagtcc
cactgactag
ca
ac
catgcatg
ctcgaa
tagagcct
cggatact
gacctagt
acggtact
gcatgcat
tacagc
gact
acgttgaacc
cgat
ccgat
agtc
atgc
tagaccgt

atccag
catcag
tgtcacag
agatttgacgccc
gacact
cgta
acgtgcta
attccgga
ttgacgca
cgta

tagacgcttcga
tcag
tgca
tgcgatacc
cagctcgat
agatcctg
ccagta
tgac
actg
agctca
tcag
ctgca
acgatatgcc
atcg
agctgcaact
ccgaat
ctga
tagc
tcag
accgt
acgcta
gtca
agtcca
cgaactctg
acgtc
cggcatat
atcctagg
actg
catgca
gcagtcat
ctga
cattaacgcg
tccgaa
gtgactac
cattgccag
cgta
tgac
aagctc
tgtcgaac
gtcaacgtc
gact
cgta
atgc
caatcggt
ctcaga
agacttcgca
atgcac
tcagatccga

ctatcagg
aagtcacgtc
aatgcc
atactagcgc
tagc
taaggcccat
gtacc
tcga
tacgca
gtac
gact
catcagtg
tgaagtcc
tacgac
agct
gtcaac
agtc
gacact
cactgatg
cagcctgta
atgc
tcagcagt
gcagctat
taacgc
agctca
gtca
cagatc
gtcagact
catcag
tgca
gcta
taccg
ctgac
ataagcgcct
gccat
gaccta
gattccacag
c
ggcatcctaa
aggtcacct
gctctgaa
atccg
tcctggaa
cgta
ctag
cctaga
agtcgtcca

cgtca
tgtagaccc
gtca
tgca
catgacgcat

gatc
acagct
ttacgacg
tacgactgc
gatgctca
ctagca
agctac
ccagtatg
agacct
tcag
gattaccg
tacgca
gtccaa
cacatg
gtac
actg
cgatac

cgatctag
catagc
gcacat
aatccg
ttcagcag
actg
cgat
gcgttcaa
gcctaa
gtacac
acagct
tcga
aggaccctta
ca
atgc
ggcctaat
atgc
cagt
cgat
tactagaccg
tcag
agtc
cagtgtca
ccgta
tgacc
gatc
tggcacta
catgca
ctga
tacacg
gctctacga
ctga
ctag
cagcttag
ctgtcaga
ctga
aagctgctac
gtaactcg

cattaccgg
ctggctaa
cgcgtaaact
gtac
ccatag
cttacgga
ctacag
ctga
gact
ttcagacg
tcagc
accatg
aactcg
tcgcaa

gttgaaccc
gatcagtc
tagtgacc
tgca
ccatga
caagct
acaggttc
gactc
ca
cggatatc
tagcac
ttacaggc
cgtgatacc
ctgcaa
acgact
acagcttgca
cgtacagct
ctagagct
atccga
gatcc
cagt
tgcatacg
acgct
actg
gcat
cgtca
cactga
tcacga
tacgtgcac
agct
gatatcgc
caacctgagt
cagcgtat
ttcgcgaa
tgca
acgt
tgca
agtc
tgcac
c
gtca
agagttcc
ctag
agactc
agctca
tgac
ggaccatt
cgat
acgcat
gttgcaac
cagttgac
gagatctc
gcctagcta
accgt
agcctatgac
agcact
gtccaa
ctacg
gcgaattc
tagc
tcag
aggccatct
tcag
ccaaggtt
ca
acgt
cagt
acactg
agactc
agacct
taacggtc
tacgca
atcgca

cgcaat
ca
cgctaa
ctga
gatacccgat
caaggcctt
gtca
atcgcgat
cagct
ctgca
accagt
cagt
cacgattgca
cgagattc
acgt
acgt
gcagctcta
c
gacatc
atgc
actg
cctaga
tcggacta
catgac
gccta
tcag
atcg
actcag
ctag
cagt
ggtactacc
c
gcatc
tacg
tagc
aacgttccg
gcta
gactac
agcct
cgat
gcaatc
caagct
cgcagactat
acactg
cgaatc
gatc
agcatgtc
ac
cagt
tcaccatgg
cgtca
aacatggctc
c
cgta
cggatccta
tagc
cctaggat
tcgacacgta
agctca
gact
tgaccagt
cgtctgaac
gactca
gcta
tcacag
ca
cgctaa
acgttgca

gcttgaca
gtccaatcg
agct
agacct
ctgac
ctga
gact
atcg
gatcca
gtacca
agtcac
acgcat
ctacga
atcg
ctagc
agacctgt
gcat
taccg
aacggtctca
gtaatgcc
gtac
cctatgga
gcta
cgatc
caagtgct
agtactgc
agct
cgta
actg
tcaagc
tcga
cgattccga
tccag
catgc
cgtac
cgat
agtcc
gcctgtaaca
cgacttcga
c
atcg
catg
gcagcattc
atgccagct
cctag
tacg
acgct
agcatc
agtacc
cgat
cgcatcatag
ggcatatc
agtcc
acctag
gccta
gactac
tcga
tgcccgaat
tactctgagagc
attcgacg
taacgtcg
cgtca
atggccta
gcat

cgatctga
tcga
cgacat
tgacc
acagct
cgat
aagtcc



